  Game.cpp
D:\Touhou_BUPT\Game.cpp(1,1): warning C4819: 该文件包含不能在当前代码页(936)中表示的字符。请将该文件保存为 Unicode 格式以防止数据丢失
D:\Touhou_BUPT\Game.cpp(169,57): warning C4244: “参数”: 从“double”转换到“float”，可能丢失数据
D:\Touhou_BUPT\Game.cpp(172,46): warning C4244: “参数”: 从“double”转换到“float”，可能丢失数据
D:\Touhou_BUPT\Game.cpp(617,70): warning C4244: “参数”: 从“T”转换到“T”，可能丢失数据
D:\Touhou_BUPT\Game.cpp(617,70): warning C4244:         with
D:\Touhou_BUPT\Game.cpp(617,70): warning C4244:         [
D:\Touhou_BUPT\Game.cpp(617,70): warning C4244:             T=unsigned int
D:\Touhou_BUPT\Game.cpp(617,70): warning C4244:         ]
D:\Touhou_BUPT\Game.cpp(617,70): warning C4244:         and
D:\Touhou_BUPT\Game.cpp(617,70): warning C4244:         [
D:\Touhou_BUPT\Game.cpp(617,70): warning C4244:             T=float
D:\Touhou_BUPT\Game.cpp(617,70): warning C4244:         ]
D:\Touhou_BUPT\Game.cpp(617,49): warning C4244: “参数”: 从“T”转换到“T”，可能丢失数据
D:\Touhou_BUPT\Game.cpp(617,49): warning C4244:         with
D:\Touhou_BUPT\Game.cpp(617,49): warning C4244:         [
D:\Touhou_BUPT\Game.cpp(617,49): warning C4244:             T=unsigned int
D:\Touhou_BUPT\Game.cpp(617,49): warning C4244:         ]
D:\Touhou_BUPT\Game.cpp(617,49): warning C4244:         and
D:\Touhou_BUPT\Game.cpp(617,49): warning C4244:         [
D:\Touhou_BUPT\Game.cpp(617,49): warning C4244:             T=float
D:\Touhou_BUPT\Game.cpp(617,49): warning C4244:         ]
D:\Touhou_BUPT\Game.cpp(735,25): warning C4244: “初始化”: 从“__int64”转换到“int”，可能丢失数据
D:\Touhou_BUPT\Game.cpp(789,34): warning C4244: “参数”: 从“int”转换到“float”，可能丢失数据
D:\Touhou_BUPT\Game.cpp(790,34): warning C4244: “参数”: 从“int”转换到“float”，可能丢失数据
D:\Touhou_BUPT\Game.cpp(791,34): warning C4244: “参数”: 从“int”转换到“float”，可能丢失数据
D:\Touhou_BUPT\Game.cpp(792,34): warning C4244: “参数”: 从“int”转换到“float”，可能丢失数据
D:\Touhou_BUPT\Game.cpp(798,33): warning C4244: “参数”: 从“int”转换到“float”，可能丢失数据
D:\Touhou_BUPT\Game.cpp(800,39): warning C4244: “参数”: 从“int”转换到“float”，可能丢失数据
D:\Touhou_BUPT\Game.cpp(801,38): warning C4244: “参数”: 从“double”转换到“float”，可能丢失数据
D:\Touhou_BUPT\Game.cpp(802,45): warning C4244: “参数”: 从“int”转换到“float”，可能丢失数据
D:\Touhou_BUPT\Game.cpp(803,32): warning C4244: “参数”: 从“int”转换到“float”，可能丢失数据
D:\Touhou_BUPT\Game.cpp(804,37): warning C4244: “参数”: 从“int”转换到“float”，可能丢失数据
D:\Touhou_BUPT\Game.cpp(805,31): warning C4244: “参数”: 从“int”转换到“float”，可能丢失数据
D:\Touhou_BUPT\Game.cpp(806,29): warning C4244: “参数”: 从“int”转换到“float”，可能丢失数据
D:\Touhou_BUPT\Game.cpp(832,34): warning C4244: “参数”: 从“int”转换到“float”，可能丢失数据
D:\Touhou_BUPT\Game.cpp(833,34): warning C4244: “参数”: 从“int”转换到“float”，可能丢失数据
D:\Touhou_BUPT\Game.cpp(834,34): warning C4244: “参数”: 从“int”转换到“float”，可能丢失数据
D:\Touhou_BUPT\Game.cpp(835,34): warning C4244: “参数”: 从“int”转换到“float”，可能丢失数据
D:\Touhou_BUPT\Game.cpp(841,33): warning C4244: “参数”: 从“int”转换到“float”，可能丢失数据
D:\Touhou_BUPT\Game.cpp(843,39): warning C4244: “参数”: 从“int”转换到“float”，可能丢失数据
D:\Touhou_BUPT\Game.cpp(844,38): warning C4244: “参数”: 从“double”转换到“float”，可能丢失数据
D:\Touhou_BUPT\Game.cpp(845,45): warning C4244: “参数”: 从“int”转换到“float”，可能丢失数据
D:\Touhou_BUPT\Game.cpp(846,32): warning C4244: “参数”: 从“int”转换到“float”，可能丢失数据
D:\Touhou_BUPT\Game.cpp(847,37): warning C4244: “参数”: 从“int”转换到“float”，可能丢失数据
D:\Touhou_BUPT\Game.cpp(848,31): warning C4244: “参数”: 从“int”转换到“float”，可能丢失数据
D:\Touhou_BUPT\Game.cpp(849,29): warning C4244: “参数”: 从“int”转换到“float”，可能丢失数据
D:\Touhou_BUPT\Game.cpp(1086,15): warning C4244: “初始化”: 从“double”转换到“int”，可能丢失数据
D:\Touhou_BUPT\Game.cpp(1095,48): warning C4244: “参数”: 从“double”转换到“T”，可能丢失数据
D:\Touhou_BUPT\Game.cpp(1095,48): warning C4244:         with
D:\Touhou_BUPT\Game.cpp(1095,48): warning C4244:         [
D:\Touhou_BUPT\Game.cpp(1095,48): warning C4244:             T=float
D:\Touhou_BUPT\Game.cpp(1095,48): warning C4244:         ]
D:\Touhou_BUPT\Game.cpp(1109,73): warning C4244: “参数”: 从“double”转换到“float”，可能丢失数据
D:\Touhou_BUPT\Game.cpp(1109,45): warning C4244: “参数”: 从“double”转换到“float”，可能丢失数据
D:\Touhou_BUPT\Game.cpp(1135,1): warning C4819: 该文件包含不能在当前代码页(936)中表示的字符。请将该文件保存为 Unicode 格式以防止数据丢失
D:\Touhou_BUPT\Game.cpp(1151,23): warning C4244: “参数”: 从“double”转换到“float”，可能丢失数据
D:\Touhou_BUPT\Game.cpp(1220,75): warning C4244: “参数”: 从“double”转换到“sf::Uint8”，可能丢失数据
D:\Touhou_BUPT\Game.cpp(1237,15): warning C4244: “初始化”: 从“double”转换到“int”，可能丢失数据
D:\Touhou_BUPT\Game.cpp(1259,73): warning C4244: “参数”: 从“double”转换到“float”，可能丢失数据
D:\Touhou_BUPT\Game.cpp(1259,45): warning C4244: “参数”: 从“double”转换到“float”，可能丢失数据
D:\Touhou_BUPT\Game.cpp(1342,15): warning C4244: “初始化”: 从“double”转换到“int”，可能丢失数据
D:\Touhou_BUPT\Game.cpp(1521,15): warning C4244: “初始化”: 从“double”转换到“int”，可能丢失数据
D:\Touhou_BUPT\Game.cpp(1530,73): warning C4244: “参数”: 从“double”转换到“float”，可能丢失数据
D:\Touhou_BUPT\Game.cpp(1530,45): warning C4244: “参数”: 从“double”转换到“float”，可能丢失数据
D:\Touhou_BUPT\Game.cpp(1541,73): warning C4244: “参数”: 从“double”转换到“float”，可能丢失数据
D:\Touhou_BUPT\Game.cpp(1541,45): warning C4244: “参数”: 从“double”转换到“float”，可能丢失数据
D:\Touhou_BUPT\Game.cpp(1732,15): warning C4244: “初始化”: 从“double”转换到“int”，可能丢失数据
D:\Touhou_BUPT\Game.cpp(1741,73): warning C4244: “参数”: 从“double”转换到“float”，可能丢失数据
D:\Touhou_BUPT\Game.cpp(1741,45): warning C4244: “参数”: 从“double”转换到“float”，可能丢失数据
D:\Touhou_BUPT\Game.cpp(1752,73): warning C4244: “参数”: 从“double”转换到“float”，可能丢失数据
D:\Touhou_BUPT\Game.cpp(1752,45): warning C4244: “参数”: 从“double”转换到“float”，可能丢失数据
D:\Touhou_BUPT\Game.cpp(1762,69): warning C4244: “参数”: 从“int”转换到“float”，可能丢失数据
D:\Touhou_BUPT\Game.cpp(1762,46): warning C4244: “参数”: 从“int”转换到“float”，可能丢失数据
D:\Touhou_BUPT\Game.cpp(1779,69): warning C4244: “参数”: 从“int”转换到“float”，可能丢失数据
D:\Touhou_BUPT\Game.cpp(1779,46): warning C4244: “参数”: 从“int”转换到“float”，可能丢失数据
D:\Touhou_BUPT\Game.cpp(1929,73): warning C4244: “参数”: 从“double”转换到“float”，可能丢失数据
D:\Touhou_BUPT\Game.cpp(1929,45): warning C4244: “参数”: 从“double”转换到“float”，可能丢失数据
D:\Touhou_BUPT\Game.cpp(1982,58): warning C4244: “参数”: 从“double”转换到“float”，可能丢失数据
D:\Touhou_BUPT\Game.cpp(1982,35): warning C4244: “参数”: 从“double”转换到“float”，可能丢失数据
D:\Touhou_BUPT\Game.cpp(2004,47): warning C4244: “参数”: 从“double”转换到“float”，可能丢失数据
D:\Touhou_BUPT\Game.cpp(2067,15): warning C4244: “初始化”: 从“double”转换到“int”，可能丢失数据
D:\Touhou_BUPT\Game.cpp(2076,62): warning C4244: “参数”: 从“int”转换到“T”，可能丢失数据
D:\Touhou_BUPT\Game.cpp(2076,62): warning C4244:         with
D:\Touhou_BUPT\Game.cpp(2076,62): warning C4244:         [
D:\Touhou_BUPT\Game.cpp(2076,62): warning C4244:             T=float
D:\Touhou_BUPT\Game.cpp(2076,62): warning C4244:         ]
D:\Touhou_BUPT\Game.cpp(2119,23): warning C4244: “参数”: 从“double”转换到“float”，可能丢失数据
D:\Touhou_BUPT\Game.cpp(2145,15): warning C4244: “初始化”: 从“double”转换到“int”，可能丢失数据
D:\Touhou_BUPT\Game.cpp(2154,73): warning C4244: “参数”: 从“double”转换到“float”，可能丢失数据
D:\Touhou_BUPT\Game.cpp(2154,45): warning C4244: “参数”: 从“double”转换到“float”，可能丢失数据
D:\Touhou_BUPT\Game.cpp(2155,48): warning C4244: “参数”: 从“double”转换到“T”，可能丢失数据
D:\Touhou_BUPT\Game.cpp(2155,48): warning C4244:         with
D:\Touhou_BUPT\Game.cpp(2155,48): warning C4244:         [
D:\Touhou_BUPT\Game.cpp(2155,48): warning C4244:             T=float
D:\Touhou_BUPT\Game.cpp(2155,48): warning C4244:         ]
D:\Touhou_BUPT\Game.cpp(2216,15): warning C4244: “初始化”: 从“double”转换到“int”，可能丢失数据
D:\Touhou_BUPT\Game.cpp(2225,62): warning C4244: “参数”: 从“int”转换到“T”，可能丢失数据
D:\Touhou_BUPT\Game.cpp(2225,62): warning C4244:         with
D:\Touhou_BUPT\Game.cpp(2225,62): warning C4244:         [
D:\Touhou_BUPT\Game.cpp(2225,62): warning C4244:             T=float
D:\Touhou_BUPT\Game.cpp(2225,62): warning C4244:         ]
D:\Touhou_BUPT\Game.cpp(2245,1): warning C4819: 该文件包含不能在当前代码页(936)中表示的字符。请将该文件保存为 Unicode 格式以防止数据丢失
D:\Touhou_BUPT\Game.cpp(2266,23): warning C4244: “参数”: 从“double”转换到“float”，可能丢失数据
D:\Touhou_BUPT\Game.cpp(2307,46): warning C4244: “参数”: 从“double”转换到“sf::Uint8”，可能丢失数据
D:\Touhou_BUPT\Game.cpp(2310,45): warning C4244: “参数”: 从“double”转换到“float”，可能丢失数据
D:\Touhou_BUPT\Game.cpp(2318,60): warning C4244: “参数”: 从“double”转换到“float”，可能丢失数据
D:\Touhou_BUPT\Game.cpp(2321,49): warning C4244: “参数”: 从“double”转换到“float”，可能丢失数据
D:\Touhou_BUPT\Game.cpp(2352,58): warning C4244: “参数”: 从“double”转换到“float”，可能丢失数据
D:\Touhou_BUPT\Game.cpp(2352,35): warning C4244: “参数”: 从“double”转换到“float”，可能丢失数据
D:\Touhou_BUPT\Game.cpp(2375,51): warning C4244: “参数”: 从“double”转换到“float”，可能丢失数据
D:\Touhou_BUPT\Game.cpp(2375,25): warning C4244: “参数”: 从“double”转换到“float”，可能丢失数据
D:\Touhou_BUPT\Game.cpp(2376,47): warning C4244: “参数”: 从“double”转换到“float”，可能丢失数据
D:\Touhou_BUPT\Game.cpp(2514,96): warning C4244: “参数”: 从“double”转换到“float”，可能丢失数据
D:\Touhou_BUPT\Game.cpp(2514,51): warning C4244: “参数”: 从“double”转换到“float”，可能丢失数据
D:\Touhou_BUPT\Game.cpp(2515,28): warning C4305: “参数”: 从“double”到“float”截断
D:\Touhou_BUPT\Game.cpp(2515,23): warning C4305: “参数”: 从“double”到“float”截断
D:\Touhou_BUPT\Game.cpp(2517,28): warning C4305: “参数”: 从“double”到“float”截断
D:\Touhou_BUPT\Game.cpp(2517,23): warning C4305: “参数”: 从“double”到“float”截断
D:\Touhou_BUPT\Game.cpp(2518,33): warning C4244: “参数”: 从“int”转换到“float”，可能丢失数据
D:\Touhou_BUPT\Game.cpp(2555,77): warning C4244: “参数”: 从“double”转换到“sf::Uint8”，可能丢失数据
D:\Touhou_BUPT\Game.cpp(2614,61): warning C4244: “参数”: 从“double”转换到“float”，可能丢失数据
D:\Touhou_BUPT\Game.cpp(2625,31): warning C4244: “=”: 从“double”转换到“T”，可能丢失数据
D:\Touhou_BUPT\Game.cpp(2625,31): warning C4244:         with
D:\Touhou_BUPT\Game.cpp(2625,31): warning C4244:         [
D:\Touhou_BUPT\Game.cpp(2625,31): warning C4244:             T=float
D:\Touhou_BUPT\Game.cpp(2625,31): warning C4244:         ]
D:\Touhou_BUPT\Game.cpp(2626,48): warning C4244: “=”: 从“double”转换到“T”，可能丢失数据
D:\Touhou_BUPT\Game.cpp(2626,48): warning C4244:         with
D:\Touhou_BUPT\Game.cpp(2626,48): warning C4244:         [
D:\Touhou_BUPT\Game.cpp(2626,48): warning C4244:             T=float
D:\Touhou_BUPT\Game.cpp(2626,48): warning C4244:         ]
D:\Touhou_BUPT\Game.cpp(2627,76): warning C4244: “参数”: 从“double”转换到“float”，可能丢失数据
D:\Touhou_BUPT\Game.cpp(2641,30): warning C4244: “=”: 从“double”转换到“T”，可能丢失数据
D:\Touhou_BUPT\Game.cpp(2641,30): warning C4244:         with
D:\Touhou_BUPT\Game.cpp(2641,30): warning C4244:         [
D:\Touhou_BUPT\Game.cpp(2641,30): warning C4244:             T=float
D:\Touhou_BUPT\Game.cpp(2641,30): warning C4244:         ]
D:\Touhou_BUPT\Game.cpp(2642,30): warning C4244: “=”: 从“double”转换到“T”，可能丢失数据
D:\Touhou_BUPT\Game.cpp(2642,30): warning C4244:         with
D:\Touhou_BUPT\Game.cpp(2642,30): warning C4244:         [
D:\Touhou_BUPT\Game.cpp(2642,30): warning C4244:             T=float
D:\Touhou_BUPT\Game.cpp(2642,30): warning C4244:         ]
D:\Touhou_BUPT\Game.cpp(2653,30): warning C4244: “=”: 从“double”转换到“T”，可能丢失数据
D:\Touhou_BUPT\Game.cpp(2653,30): warning C4244:         with
D:\Touhou_BUPT\Game.cpp(2653,30): warning C4244:         [
D:\Touhou_BUPT\Game.cpp(2653,30): warning C4244:             T=float
D:\Touhou_BUPT\Game.cpp(2653,30): warning C4244:         ]
D:\Touhou_BUPT\Game.cpp(2654,30): warning C4244: “=”: 从“double”转换到“T”，可能丢失数据
D:\Touhou_BUPT\Game.cpp(2654,30): warning C4244:         with
D:\Touhou_BUPT\Game.cpp(2654,30): warning C4244:         [
D:\Touhou_BUPT\Game.cpp(2654,30): warning C4244:             T=float
D:\Touhou_BUPT\Game.cpp(2654,30): warning C4244:         ]
D:\Touhou_BUPT\Game.cpp(2846,25): warning C4244: “参数”: 从“int”转换到“float”，可能丢失数据
D:\Touhou_BUPT\Game.cpp(2865,20): warning C4244: “参数”: 从“double”转换到“float”，可能丢失数据
D:\Touhou_BUPT\Game.cpp(2865,16): warning C4244: “参数”: 从“double”转换到“float”，可能丢失数据
D:\Touhou_BUPT\Game.cpp(2866,45): warning C4244: “参数”: 从“double”转换到“sf::Uint8”，可能丢失数据
D:\Touhou_BUPT\Game.cpp(2953,97): warning C4244: “参数”: 从“double”转换到“float”，可能丢失数据
D:\Touhou_BUPT\Game.cpp(2953,52): warning C4244: “参数”: 从“double”转换到“float”，可能丢失数据
D:\Touhou_BUPT\Game.cpp(2954,29): warning C4305: “参数”: 从“double”到“float”截断
D:\Touhou_BUPT\Game.cpp(2954,24): warning C4305: “参数”: 从“double”到“float”截断
D:\Touhou_BUPT\Game.cpp(2956,29): warning C4305: “参数”: 从“double”到“float”截断
D:\Touhou_BUPT\Game.cpp(2956,24): warning C4305: “参数”: 从“double”到“float”截断
D:\Touhou_BUPT\Game.cpp(2957,34): warning C4244: “参数”: 从“int”转换到“float”，可能丢失数据
D:\Touhou_BUPT\Game.cpp(2971,27): warning C4244: “-=”: 从“double”转换到“int”，可能丢失数据
D:\Touhou_BUPT\Game.cpp(2986,93): warning C4244: “参数”: 从“double”转换到“float”，可能丢失数据
D:\Touhou_BUPT\Game.cpp(2986,48): warning C4244: “参数”: 从“double”转换到“float”，可能丢失数据
D:\Touhou_BUPT\Game.cpp(2987,25): warning C4305: “参数”: 从“double”到“float”截断
D:\Touhou_BUPT\Game.cpp(2987,20): warning C4305: “参数”: 从“double”到“float”截断
D:\Touhou_BUPT\Game.cpp(2989,25): warning C4305: “参数”: 从“double”到“float”截断
D:\Touhou_BUPT\Game.cpp(2989,20): warning C4305: “参数”: 从“double”到“float”截断
D:\Touhou_BUPT\Game.cpp(2990,30): warning C4244: “参数”: 从“int”转换到“float”，可能丢失数据
D:\Touhou_BUPT\Game.cpp(3159,52): warning C4244: “参数”: 从“double”转换到“float”，可能丢失数据
D:\Touhou_BUPT\Game.cpp(3176,62): warning C4244: “参数”: 从“double”转换到“float”，可能丢失数据
D:\Touhou_BUPT\Game.cpp(3193,63): warning C4244: “参数”: 从“double”转换到“float”，可能丢失数据
D:\Touhou_BUPT\Game.cpp(3218,58): warning C4244: “参数”: 从“double”转换到“float”，可能丢失数据
D:\Touhou_BUPT\Game.cpp(3245,1): warning C4819: 该文件包含不能在当前代码页(936)中表示的字符。请将该文件保存为 Unicode 格式以防止数据丢失
D:\Touhou_BUPT\Game.cpp(3248,66): warning C4244: “参数”: 从“double”转换到“float”，可能丢失数据
D:\Touhou_BUPT\Game.cpp(3263,66): warning C4244: “参数”: 从“double”转换到“float”，可能丢失数据
D:\Touhou_BUPT\Game.cpp(3266,66): warning C4244: “参数”: 从“double”转换到“float”，可能丢失数据
D:\Touhou_BUPT\Game.cpp(3304,59): warning C4244: “参数”: 从“double”转换到“float”，可能丢失数据
D:\Touhou_BUPT\Game.cpp(3338,72): warning C4244: “参数”: 从“int”转换到“float”，可能丢失数据
D:\Touhou_BUPT\Game.cpp(3338,50): warning C4244: “参数”: 从“int”转换到“float”，可能丢失数据
D:\Touhou_BUPT\Game.cpp(3342,61): warning C4244: “参数”: 从“double”转换到“float”，可能丢失数据
D:\Touhou_BUPT\Game.cpp(3377,60): warning C4244: “参数”: 从“double”转换到“float”，可能丢失数据
D:\Touhou_BUPT\Game.cpp(3411,60): warning C4244: “参数”: 从“double”转换到“float”，可能丢失数据
D:\Touhou_BUPT\Game.cpp(3454,56): warning C4244: “参数”: 从“double”转换到“float”，可能丢失数据
D:\Touhou_BUPT\Game.cpp(3458,61): warning C4244: “参数”: 从“double”转换到“float”，可能丢失数据
D:\Touhou_BUPT\Game.cpp(3495,60): warning C4244: “参数”: 从“double”转换到“float”，可能丢失数据
D:\Touhou_BUPT\Game.cpp(3505,60): warning C4244: “参数”: 从“double”转换到“float”，可能丢失数据
D:\Touhou_BUPT\Game.cpp(3512,60): warning C4244: “参数”: 从“double”转换到“float”，可能丢失数据
D:\Touhou_BUPT\Game.cpp(3539,51): warning C4244: “参数”: 从“double”转换到“float”，可能丢失数据
D:\Touhou_BUPT\Game.cpp(3541,51): warning C4244: “参数”: 从“double”转换到“float”，可能丢失数据
D:\Touhou_BUPT\Game.cpp(3543,29): warning C4244: “参数”: 从“double”转换到“float”，可能丢失数据
D:\Touhou_BUPT\Game.cpp(3545,29): warning C4244: “参数”: 从“double”转换到“float”，可能丢失数据
D:\Touhou_BUPT\Game.cpp(3584,51): warning C4244: “参数”: 从“double”转换到“float”，可能丢失数据
D:\Touhou_BUPT\Game.cpp(3599,52): warning C4244: “参数”: 从“double”转换到“float”，可能丢失数据
D:\Touhou_BUPT\Game.cpp(3602,52): warning C4244: “参数”: 从“double”转换到“float”，可能丢失数据
D:\Touhou_BUPT\Game.cpp(3644,52): warning C4244: “参数”: 从“double”转换到“float”，可能丢失数据
D:\Touhou_BUPT\Game.cpp(3665,50): warning C4244: “参数”: 从“double”转换到“float”，可能丢失数据
D:\Touhou_BUPT\Game.cpp(3699,52): warning C4244: “参数”: 从“double”转换到“float”，可能丢失数据
D:\Touhou_BUPT\Game.cpp(3710,52): warning C4244: “参数”: 从“double”转换到“float”，可能丢失数据
D:\Touhou_BUPT\Game.cpp(3717,52): warning C4244: “参数”: 从“double”转换到“float”，可能丢失数据
D:\Touhou_BUPT\Game.cpp(3754,52): warning C4244: “参数”: 从“double”转换到“float”，可能丢失数据
D:\Touhou_BUPT\Game.cpp(3767,52): warning C4244: “参数”: 从“double”转换到“float”，可能丢失数据
D:\Touhou_BUPT\Game.cpp(3771,52): warning C4244: “参数”: 从“double”转换到“float”，可能丢失数据
  main.cpp
  正在生成代码...
  Touhou_BUPT.vcxproj -> D:\Touhou_BUPT\x64\Debug\Touhou_BUPT.exe
